{
  "stats": {
    "suites": 4,
    "tests": 3,
    "passes": 3,
    "pending": 0,
    "failures": 0,
    "start": "2026-06-20T20:27:42.064Z",
    "end": "2026-06-20T20:27:42.127Z",
    "duration": 63,
    "testsRegistered": 3,
    "passPercent": 100,
    "pendingPercent": 0,
    "other": 0,
    "hasOther": false,
    "skipped": 0,
    "hasSkipped": false
  },
  "results": [
    {
      "uuid": "17974681-23dd-41c5-8fbd-a37847b00c49",
      "title": "",
      "fullFile": "",
      "file": "",
      "beforeHooks": [],
      "afterHooks": [],
      "tests": [],
      "suites": [
        {
          "uuid": "0fb07813-a581-486b-a28a-c1cce5aa0e94",
          "title": "Login",
          "fullFile": "C:\\QAx\\JuliodeLima\\Projetos\\banco-api-tests\\test\\login.test.js",
          "file": "\\test\\login.test.js",
          "beforeHooks": [],
          "afterHooks": [],
          "tests": [],
          "suites": [
            {
              "uuid": "d79a30c7-a509-4a1c-b8e1-b7cf1f12e4e0",
              "title": "POST /login",
              "fullFile": "C:\\QAx\\JuliodeLima\\Projetos\\banco-api-tests\\test\\login.test.js",
              "file": "\\test\\login.test.js",
              "beforeHooks": [],
              "afterHooks": [],
              "tests": [
                {
                  "title": "Deve autenticar o usuário com credenciais válidas",
                  "fullTitle": "Login POST /login Deve autenticar o usuário com credenciais válidas",
                  "timedOut": false,
                  "duration": 30,
                  "state": "passed",
                  "speed": "fast",
                  "pass": true,
                  "fail": false,
                  "pending": false,
                  "context": null,
                  "code": "const response = await request('http://localhost:3000')\n  .post('/login')\n  .set('Content-Type', 'application/json')\n  .send({ username: 'julio.lima', senha: '123456' });\n// Test implementation\n//console.log('Response Body:', response.body); // Log the response body for debugging\n//console.log('Response Status:', response.status); // Log the response status for debugging\nexpect(response.status).to.equal(200);\nexpect(response.body.token).to.be.a('string');",
                  "err": {},
                  "uuid": "9d75fa5b-8e5c-466d-9dba-5cfa3d20027d",
                  "parentUUID": "d79a30c7-a509-4a1c-b8e1-b7cf1f12e4e0",
                  "isHook": false,
                  "skipped": false
                }
              ],
              "suites": [],
              "passes": [
                "9d75fa5b-8e5c-466d-9dba-5cfa3d20027d"
              ],
              "failures": [],
              "pending": [],
              "skipped": [],
              "duration": 30,
              "root": false,
              "rootEmpty": false,
              "_timeout": 20000
            }
          ],
          "passes": [],
          "failures": [],
          "pending": [],
          "skipped": [],
          "duration": 0,
          "root": false,
          "rootEmpty": false,
          "_timeout": 20000
        },
        {
          "uuid": "74a7d12e-30e8-48f5-b6c3-58ec78ee3a95",
          "title": "Transferencias",
          "fullFile": "C:\\QAx\\JuliodeLima\\Projetos\\banco-api-tests\\test\\transferencia.test.js",
          "file": "\\test\\transferencia.test.js",
          "beforeHooks": [],
          "afterHooks": [],
          "tests": [],
          "suites": [
            {
              "uuid": "61788f02-e432-4af4-986a-2dd08d762d28",
              "title": "POST /transferencias",
              "fullFile": "C:\\QAx\\JuliodeLima\\Projetos\\banco-api-tests\\test\\transferencia.test.js",
              "file": "\\test\\transferencia.test.js",
              "beforeHooks": [],
              "afterHooks": [],
              "tests": [
                {
                  "title": "Deve retornar sucesso com 201 quando o valor da transferencia for igual ou acima de R$ 10,00.",
                  "fullTitle": "Transferencias POST /transferencias Deve retornar sucesso com 201 quando o valor da transferencia for igual ou acima de R$ 10,00.",
                  "timedOut": false,
                  "duration": 16,
                  "state": "passed",
                  "speed": "fast",
                  "pass": true,
                  "fail": false,
                  "pending": false,
                  "context": null,
                  "code": "// Capturar o token de autenticação do usuário logado\nconst responseLogin = await request('http://localhost:3000')\n  .post('/login')\n  .set('Content-Type', 'application/json')\n  .send({\n    username: 'julio.lima',\n    senha: '123456',\n  });\nconst token = responseLogin.body.token;\nconst response = await request('http://localhost:3000')\n  .post('/transferencias')\n  .set('Content-Type', 'application/json')\n  .set('Authorization', `Bearer ${token}`) // Adiciona o token de autenticação no cabeçalho\n  .send({\n    contaOrigem: 1,\n    contaDestino: 2,\n    valor: 11,\n    token: '',\n  });\nexpect(response.status).to.equal(201);",
                  "err": {},
                  "uuid": "52573ff9-6187-45c4-a401-23857e12cc62",
                  "parentUUID": "61788f02-e432-4af4-986a-2dd08d762d28",
                  "isHook": false,
                  "skipped": false
                },
                {
                  "title": "Deve retornar falha com 422 quando o valor da transferencia for abaixo de R$ 10,00.",
                  "fullTitle": "Transferencias POST /transferencias Deve retornar falha com 422 quando o valor da transferencia for abaixo de R$ 10,00.",
                  "timedOut": false,
                  "duration": 6,
                  "state": "passed",
                  "speed": "fast",
                  "pass": true,
                  "fail": false,
                  "pending": false,
                  "context": null,
                  "code": "// Capturar o token de autenticação do usuário logado\nconst responseLogin = await request('http://localhost:3000')\n  .post('/login')\n  .set('Content-Type', 'application/json')\n  .send({\n    username: 'julio.lima',\n    senha: '123456',\n  });\nconst token = responseLogin.body.token;\nconst response = await request('http://localhost:3000')\n  .post('/transferencias')\n  .set('Content-Type', 'application/json')\n  .set('Authorization', `Bearer ${token}`) // Adiciona o token de autenticação no cabeçalho\n  .send({\n    contaOrigem: 1,\n    contaDestino: 2,\n    valor: 7,\n    token: '',\n  });\nexpect(response.status).to.equal(422);",
                  "err": {},
                  "uuid": "e76abb3b-cfd3-4a13-a18c-90297e0e5c4c",
                  "parentUUID": "61788f02-e432-4af4-986a-2dd08d762d28",
                  "isHook": false,
                  "skipped": false
                }
              ],
              "suites": [],
              "passes": [
                "52573ff9-6187-45c4-a401-23857e12cc62",
                "e76abb3b-cfd3-4a13-a18c-90297e0e5c4c"
              ],
              "failures": [],
              "pending": [],
              "skipped": [],
              "duration": 22,
              "root": false,
              "rootEmpty": false,
              "_timeout": 20000
            }
          ],
          "passes": [],
          "failures": [],
          "pending": [],
          "skipped": [],
          "duration": 0,
          "root": false,
          "rootEmpty": false,
          "_timeout": 20000
        }
      ],
      "passes": [],
      "failures": [],
      "pending": [],
      "skipped": [],
      "duration": 0,
      "root": true,
      "rootEmpty": true,
      "_timeout": 20000
    }
  ],
  "meta": {
    "mocha": {
      "version": "11.7.6"
    },
    "mochawesome": {
      "options": {
        "quiet": false,
        "reportFilename": "mochawesome",
        "saveHtml": true,
        "saveJson": true,
        "consoleReporter": "spec",
        "useInlineDiffs": false,
        "code": true
      },
      "version": "7.1.4"
    },
    "marge": {
      "options": null,
      "version": "6.3.2"
    }
  }
}